<?xml version="1.0" encoding="UTF-8" ?>
<testsuite tests="18" failures="0" name="edu.uw.cs.FlightServiceTest" time="60.151" errors="0" skipped="0">
  <properties>
[...]
</properties>
  <testcase classname="edu.uw.cs.FlightServiceTest" name="runTest[0]" time="3.713"/>
  <testcase classname="edu.uw.cs.FlightServiceTest" name="runTest[1]" time="2.915"/>
  <testcase classname="edu.uw.cs.FlightServiceTest" name="runTest[2]" time="0.242"/>
  <testcase classname="edu.uw.cs.FlightServiceTest" name="runTest[3]" time="0.397"/>
  <testcase classname="edu.uw.cs.FlightServiceTest" name="runTest[4]" time="3.561"/>
  <testcase classname="edu.uw.cs.FlightServiceTest" name="runTest[5]" time="3.233"/>
  <testcase classname="edu.uw.cs.FlightServiceTest" name="runTest[6]" time="0.32"/>
  <testcase classname="edu.uw.cs.FlightServiceTest" name="runTest[7]" time="3.412"/>
  <testcase classname="edu.uw.cs.FlightServiceTest" name="runTest[8]" time="0.449"/>
  <testcase classname="edu.uw.cs.FlightServiceTest" name="runTest[9]" time="3.427"/>
  <testcase classname="edu.uw.cs.FlightServiceTest" name="runTest[10]" time="3.076"/>
  <testcase classname="edu.uw.cs.FlightServiceTest" name="runTest[11]" time="11.155"/>
  <testcase classname="edu.uw.cs.FlightServiceTest" name="runTest[12]" time="3.423"/>
  <testcase classname="edu.uw.cs.FlightServiceTest" name="runTest[13]" time="3.082"/>
  <testcase classname="edu.uw.cs.FlightServiceTest" name="runTest[14]" time="3.009"/>
  <testcase classname="edu.uw.cs.FlightServiceTest" name="runTest[15]" time="0.575"/>
  <testcase classname="edu.uw.cs.FlightServiceTest" name="runTest[16]" time="10.61"/>
  <testcase classname="edu.uw.cs.FlightServiceTest" name="runTest[17]" time="3.552"/>
</testsuite>